##################################################
Recording Time 24-09-23 12:52:51
##################################################

#################### Epoch 1/100 ... ####################

+---------------------+---------------------------+------------------------+
|   mean running_Acc. |   mean running_total_loss |   mean running_ce_loss |
+=====================+===========================+========================+
|              0.1462 |                    2.3108 |                 2.3108 |
+---------------------+---------------------------+------------------------+
Val Set:
+--------+--------+--------+--------+--------+
| Acc.   | AUC    | Rec.   | Pre.   | F1     |
+========+========+========+========+========+
| 20.22% | 62.89% | 19.20% | 18.54% | 15.78% |
+--------+--------+--------+--------+--------+

Test Set:
+--------+--------+--------+--------+--------+
| Acc.   | AUC    | Rec.   | Pre.   | F1     |
+========+========+========+========+========+
| 20.22% | 62.89% | 19.20% | 18.54% | 15.78% |
+--------+--------+--------+--------+--------+

#################### Epoch 2/100 ... ####################

+---------------------+---------------------------+------------------------+
|   mean running_Acc. |   mean running_total_loss |   mean running_ce_loss |
+=====================+===========================+========================+
|              0.3124 |                    2.0708 |                 2.0708 |
+---------------------+---------------------------+------------------------+
Val Set:
+--------+--------+--------+--------+--------+
| Acc.   | AUC    | Rec.   | Pre.   | F1     |
+========+========+========+========+========+
| 45.54% | 85.07% | 44.52% | 50.25% | 41.98% |
+--------+--------+--------+--------+--------+

Test Set:
+--------+--------+--------+--------+--------+
| Acc.   | AUC    | Rec.   | Pre.   | F1     |
+========+========+========+========+========+
| 45.54% | 85.07% | 44.52% | 50.25% | 41.98% |
+--------+--------+--------+--------+--------+

#################### Epoch 3/100 ... ####################

+---------------------+---------------------------+------------------------+
|   mean running_Acc. |   mean running_total_loss |   mean running_ce_loss |
+=====================+===========================+========================+
|              0.5381 |                    1.7601 |                 1.7601 |
+---------------------+---------------------------+------------------------+
Val Set:
+--------+--------+--------+--------+--------+
| Acc.   | AUC    | Rec.   | Pre.   | F1     |
+========+========+========+========+========+
| 64.03% | 93.28% | 63.12% | 70.09% | 61.68% |
+--------+--------+--------+--------+--------+

Test Set:
+--------+--------+--------+--------+--------+
| Acc.   | AUC    | Rec.   | Pre.   | F1     |
+========+========+========+========+========+
| 64.03% | 93.28% | 63.12% | 70.09% | 61.68% |
+--------+--------+--------+--------+--------+

#################### Epoch 4/100 ... ####################

+---------------------+---------------------------+------------------------+
|   mean running_Acc. |   mean running_total_loss |   mean running_ce_loss |
+=====================+===========================+========================+
|              0.6733 |                    1.5183 |                 1.5183 |
+---------------------+---------------------------+------------------------+
Val Set:
+--------+--------+--------+--------+--------+
| Acc.   | AUC    | Rec.   | Pre.   | F1     |
+========+========+========+========+========+
| 75.03% | 96.47% | 74.36% | 78.53% | 73.99% |
+--------+--------+--------+--------+--------+

Test Set:
+--------+--------+--------+--------+--------+
| Acc.   | AUC    | Rec.   | Pre.   | F1     |
+========+========+========+========+========+
| 75.03% | 96.47% | 74.36% | 78.53% | 73.99% |
+--------+--------+--------+--------+--------+

#################### Epoch 5/100 ... ####################

+---------------------+---------------------------+------------------------+
|   mean running_Acc. |   mean running_total_loss |   mean running_ce_loss |
+=====================+===========================+========================+
|              0.7598 |                    1.3401 |                 1.3401 |
+---------------------+---------------------------+------------------------+
Val Set:
+--------+--------+--------+--------+--------+
| Acc.   | AUC    | Rec.   | Pre.   | F1     |
+========+========+========+========+========+
| 81.64% | 97.75% | 81.16% | 83.55% | 81.21% |
+--------+--------+--------+--------+--------+

Test Set:
+--------+--------+--------+--------+--------+
| Acc.   | AUC    | Rec.   | Pre.   | F1     |
+========+========+========+========+========+
| 81.64% | 97.75% | 81.16% | 83.55% | 81.21% |
+--------+--------+--------+--------+--------+

#################### Epoch 6/100 ... ####################

+---------------------+---------------------------+------------------------+
|   mean running_Acc. |   mean running_total_loss |   mean running_ce_loss |
+=====================+===========================+========================+
|              0.8167 |                    1.1979 |                 1.1979 |
+---------------------+---------------------------+------------------------+
Val Set:
+--------+--------+--------+--------+--------+
| Acc.   | AUC    | Rec.   | Pre.   | F1     |
+========+========+========+========+========+
| 85.76% | 98.40% | 85.41% | 86.70% | 85.48% |
+--------+--------+--------+--------+--------+

Test Set:
+--------+--------+--------+--------+--------+
| Acc.   | AUC    | Rec.   | Pre.   | F1     |
+========+========+========+========+========+
| 85.76% | 98.40% | 85.41% | 86.70% | 85.48% |
+--------+--------+--------+--------+--------+

#################### Epoch 7/100 ... ####################

+---------------------+---------------------------+------------------------+
|   mean running_Acc. |   mean running_total_loss |   mean running_ce_loss |
+=====================+===========================+========================+
|              0.8537 |                    1.0755 |                 1.0755 |
+---------------------+---------------------------+------------------------+
Val Set:
+--------+--------+--------+--------+--------+
| Acc.   | AUC    | Rec.   | Pre.   | F1     |
+========+========+========+========+========+
| 88.22% | 98.78% | 87.96% | 88.59% | 88.02% |
+--------+--------+--------+--------+--------+

Test Set:
+--------+--------+--------+--------+--------+
| Acc.   | AUC    | Rec.   | Pre.   | F1     |
+========+========+========+========+========+
| 88.22% | 98.78% | 87.96% | 88.59% | 88.02% |
+--------+--------+--------+--------+--------+

#################### Epoch 8/100 ... ####################

+---------------------+---------------------------+------------------------+
|   mean running_Acc. |   mean running_total_loss |   mean running_ce_loss |
+=====================+===========================+========================+
|              0.8734 |                    0.9687 |                 0.9687 |
+---------------------+---------------------------+------------------------+
Val Set:
+--------+--------+--------+--------+--------+
| Acc.   | AUC    | Rec.   | Pre.   | F1     |
+========+========+========+========+========+
| 89.63% | 99.04% | 89.43% | 89.78% | 89.47% |
+--------+--------+--------+--------+--------+

Test Set:
+--------+--------+--------+--------+--------+
| Acc.   | AUC    | Rec.   | Pre.   | F1     |
+========+========+========+========+========+
| 89.63% | 99.04% | 89.43% | 89.78% | 89.47% |
+--------+--------+--------+--------+--------+

#################### Epoch 9/100 ... ####################
